Arguments: 
  C:\Program Files\nodejs\node.exe C:\Users\pc\AppData\Roaming\npm\node_modules\yarn\bin\yarn.js

PATH: 
  C:\Python39\Scripts\;C:\Python39\;C:\WINDOWS\system32;C:\WINDOWS;C:\WINDOWS\System32\Wbem;C:\WINDOWS\System32\WindowsPowerShell\v1.0\;C:\WINDOWS\System32\OpenSSH\;C:\Program Files\Git\cmd;C:\ProgramData\chocolatey\bin;C:\Program Files\nodejs\;C:\Users\pc\AppData\Local\Microsoft\WindowsApps;C:\Program Files (x86)\nodejs;C:\Users\pc\AppData\Roaming\npm;C:\Users\pc\AppData\Local\Programs\Microsoft VS Code\bin;C:\src\flutter\bin;

Yarn version: 
  1.22.19

Node version: 
  16.14.2

Platform: 
  win32 x64

Trace: 
  SyntaxError: C:\Users\pc\Desktop\darshik\package.json: Unexpected token } in JSON at position 315
      at JSON.parse (<anonymous>)
      at C:\Users\pc\AppData\Roaming\npm\node_modules\yarn\lib\cli.js:1629:59
      at Generator.next (<anonymous>)
      at step (C:\Users\pc\AppData\Roaming\npm\node_modules\yarn\lib\cli.js:310:30)
      at C:\Users\pc\AppData\Roaming\npm\node_modules\yarn\lib\cli.js:321:13

npm manifest: 
  {
    "private": true,
    "scripts": {
      "dev": "next dev",
      "build": "next build",
      "start": "next start",
      "lint": "next lint"
    },
    "dependencies": {
      "next": "^12.3.4",
      "react": "17.0.2",
      "react-dom": "17.0.2",
      "sass": "^1.32.5",
      "sass-lint": "^1.7.0",
      "classnames": "^2.3.1",
    },
    "devDependencies": {
      "eslint": "8.7.0",
      "eslint-config-next": "^12.0.8"
    }
  }

yarn manifest: 
  No manifest

Lockfile: 
  No lockfile
